16 00000000
73 0000000100
71 0000000101
72 0000000110
70 0000000111
37 000000100
36 000000101
15 00000011
5 000001
4 000010
147 00001100000
148 00001100001
149 00001100010
146 00001100011
35 000011001
14 00001101
69 0000111000
144 00001110010
145 00001110011
34 000011101
141 00001111000
142 00001111001
68 0000111101
33 000011111
143 00010000000
139 00010000001
67 0001000001
32 000100001
31 000100010
140 00010001100
136 00010001101
137 00010001110
138 00010001111
30 000100100
133 00010010100
134 00010010101
135 00010010110
128 00010010111
129 00010011000
130 00010011001
131 00010011010
132 00010011011
29 000100111
13 00010100
66 0001010100
127 00010101010
125 00010101011
126 00010101100
123 00010101101
64 0001010111
28 000101100
65 0001011010
63 0001011011
12 00010111
9 0001100
124 00011010000
122 00011010001
62 0001101001
27 000110101
25 000110110
26 000110111
3 000111
61 0010000000
121 00100000010
118 00100000011
60 0010000010
119 00100000110
120 00100000111
59 0010000100
115 00100001010
116 00100001011
58 0010000110
117 00100001110
111 00100001111
8 0010001
112 00100100000
113 00100100001
57 0010010001
56 0010010010
114 00100100110
107 00100100111
11 00100101
108 00100110000
109 00100110001
54 0010011001
55 0010011010
110 00100110110
105 00100110111
106 00100111000
102 00100111001
52 0010011101
53 0010011110
103 00100111110
104 00100111111
2 00101
10 00110000
24 001100010
99 00110001100
100 00110001101
97 00110001110
98 00110001111
101 00110010000
94 00110010001
51 0011001001
95 00110010100
96 00110010101
92 00110010110
93 00110010111
23 001100110
50 0011001110
49 0011001111
22 001101000
48 0011010010
89 00110100110
90 00110100111
45 0011010100
46 0011010101
91 00110101100
87 00110101101
44 0011010111
47 0011011000
41 0011011001
42 0011011010
43 0011011011
88 00110111000
85 00110111001
86 00110111010
83 00110111011
84 00110111100
80 00110111101
40 0011011111
81 00111000000
82 00111000001
39 0011100001
21 001110001
78 00111001000
79 00111001001
76 00111001010
77 00111001011
20 001110011
7 0011101
6 0011110
19 001111100
18 001111101
74 00111111000
75 00111111001
38 0011111101
17 001111111
1 01
0 1
